8.2.2022. 09:05:06 : Starting Network Model Serivice...
8.2.2022. 09:05:07 : The WCF service GenericDataAccess is ready.
8.2.2022. 09:05:07 : Endpoints:
8.2.2022. 09:05:07 : net.tcp://localhost:10000/NetworkModelService/GDA/
8.2.2022. 09:05:07 : Connection string: ../NetworkModelData.data
8.2.2022. 09:05:07 : Trace level: Info
8.2.2022. 09:05:07 : The Network Model Service is started.
8.2.2022. 09:05:07 : Press <Enter> to stop the service.
8.2.2022. 20:20:17 : Starting Network Model Serivice...
8.2.2022. 20:20:17 : The WCF service GenericDataAccess is ready.
8.2.2022. 20:20:17 : Endpoints:
8.2.2022. 20:20:17 : net.tcp://localhost:10000/NetworkModelService/GDA/
8.2.2022. 20:20:17 : Connection string: ../NetworkModelData.data
8.2.2022. 20:20:17 : Trace level: Info
8.2.2022. 20:20:17 : The Network Model Service is started.
8.2.2022. 20:20:17 : Press <Enter> to stop the service.
8.2.2022. 22:39:14 : Starting Network Model Serivice...
8.2.2022. 22:39:15 : The WCF service GenericDataAccess is ready.
8.2.2022. 22:39:15 : Endpoints:
8.2.2022. 22:39:15 : net.tcp://localhost:10000/NetworkModelService/GDA/
8.2.2022. 22:39:15 : Connection string: ../NetworkModelData.data
8.2.2022. 22:39:15 : Trace level: Info
8.2.2022. 22:39:15 : The Network Model Service is started.
8.2.2022. 22:39:15 : Press <Enter> to stop the service.
8.2.2022. 23:05:16 : Starting Network Model Serivice...
8.2.2022. 23:05:16 : The WCF service GenericDataAccess is ready.
8.2.2022. 23:05:16 : Endpoints:
8.2.2022. 23:05:16 : net.tcp://localhost:10000/NetworkModelService/GDA/
8.2.2022. 23:05:16 : Connection string: ../NetworkModelData.data
8.2.2022. 23:05:16 : Trace level: Info
8.2.2022. 23:05:16 : The Network Model Service is started.
8.2.2022. 23:05:16 : Press <Enter> to stop the service.
8.2.2022. 23:05:19 : Applying  delta to network model.
8.2.2022. 23:05:19 : Inserting entity with GID (0000000100000001).
8.2.2022. 23:05:19 : Inserting entity with GID (0000000200000001).
8.2.2022. 23:05:19 : Inserting entity with GID (0000000300000001).
8.2.2022. 23:05:19 : Inserting entity with GID (0000000400000001).
8.2.2022. 23:05:19 : Failed to return value from property for specified type (Int32) because it is incompatible with actual property type (Int64)
8.2.2022. 23:05:19 : Failed to insert entity (GID = 0x0000000400000001) into model. Failed to return value from property for specified type (Int32) because it is incompatible with actual property type (Int64)
8.2.2022. 23:05:19 : Applying delta to network model failed. Failed to insert entity (GID = 0x0000000400000001) into model. Failed to return value from property for specified type (Int32) because it is incompatible with actual property type (Int64).
8.2.2022. 23:10:04 : Starting Network Model Serivice...
8.2.2022. 23:10:04 : Inserting entity with GID (0000000100000001).
8.2.2022. 23:10:04 : Inserting entity with GID (0000000200000001).
8.2.2022. 23:10:04 : Inserting entity with GID (0000000300000001).
8.2.2022. 23:10:04 : Inserting entity with GID (0000000400000001).
8.2.2022. 23:10:04 : Failed to return value from property for specified type (Int32) because it is incompatible with actual property type (Int64)
8.2.2022. 23:10:04 : Failed to insert entity (GID = 0x0000000400000001) into model. Failed to return value from property for specified type (Int32) because it is incompatible with actual property type (Int64)
8.2.2022. 23:10:04 : Error while applying delta (id = 1) during service initialization. Failed to insert entity (GID = 0x0000000400000001) into model. Failed to return value from property for specified type (Int32) because it is incompatible with actual property type (Int64)
8.2.2022. 23:10:05 : The WCF service GenericDataAccess is ready.
8.2.2022. 23:10:05 : Endpoints:
8.2.2022. 23:10:05 : net.tcp://localhost:10000/NetworkModelService/GDA/
8.2.2022. 23:10:05 : Connection string: ../NetworkModelData.data
8.2.2022. 23:10:05 : Trace level: Info
8.2.2022. 23:10:05 : The Network Model Service is started.
8.2.2022. 23:10:05 : Press <Enter> to stop the service.
8.2.2022. 23:10:16 : Applying  delta to network model.
8.2.2022. 23:10:16 : Inserting entity with GID (0000000100000002).
8.2.2022. 23:10:16 : Inserting entity with GID (0000000200000002).
8.2.2022. 23:10:16 : Inserting entity with GID (0000000300000002).
8.2.2022. 23:10:16 : Inserting entity with GID (0000000400000002).
8.2.2022. 23:10:16 : Failed to return value from property for specified type (Int32) because it is incompatible with actual property type (Int64)
8.2.2022. 23:10:16 : Failed to insert entity (GID = 0x0000000400000002) into model. Failed to return value from property for specified type (Int32) because it is incompatible with actual property type (Int64)
8.2.2022. 23:10:16 : Applying delta to network model failed. Failed to insert entity (GID = 0x0000000400000002) into model. Failed to return value from property for specified type (Int32) because it is incompatible with actual property type (Int64).
8.2.2022. 23:12:16 : Starting Network Model Serivice...
8.2.2022. 23:12:16 : Inserting entity with GID (0000000100000001).
8.2.2022. 23:12:16 : Inserting entity with GID (0000000200000001).
8.2.2022. 23:12:16 : Inserting entity with GID (0000000300000001).
8.2.2022. 23:12:16 : Inserting entity with GID (0000000400000001).
8.2.2022. 23:12:16 : Unknown property id = 1441151880758821380 for entity (GID = 0x0000000400000001).
8.2.2022. 23:12:16 : Failed to insert entity (GID = 0x0000000400000001) into model. Unknown property id = 1441151880758821380 for entity (GID = 0x0000000400000001).
8.2.2022. 23:12:16 : Error while applying delta (id = 1) during service initialization. Failed to insert entity (GID = 0x0000000400000001) into model. Unknown property id = 1441151880758821380 for entity (GID = 0x0000000400000001).
8.2.2022. 23:12:16 : Inserting entity with GID (0000000100000002).
8.2.2022. 23:12:16 : Inserting entity with GID (0000000200000002).
8.2.2022. 23:12:16 : Inserting entity with GID (0000000300000002).
8.2.2022. 23:12:16 : Inserting entity with GID (0000000400000002).
8.2.2022. 23:12:16 : Unknown property id = 1441151880758821380 for entity (GID = 0x0000000400000002).
8.2.2022. 23:12:16 : Failed to insert entity (GID = 0x0000000400000002) into model. Unknown property id = 1441151880758821380 for entity (GID = 0x0000000400000002).
8.2.2022. 23:12:16 : Error while applying delta (id = 2) during service initialization. Failed to insert entity (GID = 0x0000000400000002) into model. Unknown property id = 1441151880758821380 for entity (GID = 0x0000000400000002).
8.2.2022. 23:12:16 : The WCF service GenericDataAccess is ready.
8.2.2022. 23:12:16 : Endpoints:
8.2.2022. 23:12:16 : net.tcp://localhost:10000/NetworkModelService/GDA/
8.2.2022. 23:12:16 : Connection string: ../NetworkModelData.data
8.2.2022. 23:12:16 : Trace level: Info
8.2.2022. 23:12:16 : The Network Model Service is started.
8.2.2022. 23:12:16 : Press <Enter> to stop the service.
8.2.2022. 23:12:29 : Applying  delta to network model.
8.2.2022. 23:12:29 : Inserting entity with GID (0000000100000003).
8.2.2022. 23:12:29 : Inserting entity with GID (0000000200000003).
8.2.2022. 23:12:29 : Inserting entity with GID (0000000300000003).
8.2.2022. 23:12:29 : Inserting entity with GID (0000000400000003).
8.2.2022. 23:12:29 : Inserting entity with GID (0000000500000001).
8.2.2022. 23:12:29 : Inserting entity with GID (0000000600000001).
8.2.2022. 23:12:29 : Applying delta to network model successfully finished.
8.2.2022. 23:13:35 : Starting Network Model Serivice...
8.2.2022. 23:13:35 : Inserting entity with GID (0000000100000001).
8.2.2022. 23:13:35 : Inserting entity with GID (0000000200000001).
8.2.2022. 23:13:35 : Inserting entity with GID (0000000300000001).
8.2.2022. 23:13:35 : Inserting entity with GID (0000000400000001).
8.2.2022. 23:13:35 : Unknown property id = 1441151880758821380 for entity (GID = 0x0000000400000001).
8.2.2022. 23:13:35 : Failed to insert entity (GID = 0x0000000400000001) into model. Unknown property id = 1441151880758821380 for entity (GID = 0x0000000400000001).
8.2.2022. 23:13:35 : Error while applying delta (id = 1) during service initialization. Failed to insert entity (GID = 0x0000000400000001) into model. Unknown property id = 1441151880758821380 for entity (GID = 0x0000000400000001).
8.2.2022. 23:13:35 : Inserting entity with GID (0000000100000002).
8.2.2022. 23:13:35 : Inserting entity with GID (0000000200000002).
8.2.2022. 23:13:35 : Inserting entity with GID (0000000300000002).
8.2.2022. 23:13:35 : Inserting entity with GID (0000000400000002).
8.2.2022. 23:13:35 : Unknown property id = 1441151880758821380 for entity (GID = 0x0000000400000002).
8.2.2022. 23:13:35 : Failed to insert entity (GID = 0x0000000400000002) into model. Unknown property id = 1441151880758821380 for entity (GID = 0x0000000400000002).
8.2.2022. 23:13:35 : Error while applying delta (id = 2) during service initialization. Failed to insert entity (GID = 0x0000000400000002) into model. Unknown property id = 1441151880758821380 for entity (GID = 0x0000000400000002).
8.2.2022. 23:13:35 : Inserting entity with GID (0000000100000003).
8.2.2022. 23:13:35 : Inserting entity with GID (0000000200000003).
8.2.2022. 23:13:35 : Inserting entity with GID (0000000300000003).
8.2.2022. 23:13:35 : Inserting entity with GID (0000000400000003).
8.2.2022. 23:13:35 : Inserting entity with GID (0000000500000001).
8.2.2022. 23:13:35 : Inserting entity with GID (0000000600000001).
8.2.2022. 23:13:35 : The WCF service GenericDataAccess is ready.
8.2.2022. 23:13:35 : Endpoints:
8.2.2022. 23:13:35 : net.tcp://localhost:10000/NetworkModelService/GDA/
8.2.2022. 23:13:35 : Connection string: ../NetworkModelData.data
8.2.2022. 23:13:35 : Trace level: Info
8.2.2022. 23:13:35 : The Network Model Service is started.
8.2.2022. 23:13:35 : Press <Enter> to stop the service.
8.2.2022. 23:14:33 : Applying  delta to network model.
8.2.2022. 23:14:33 : Inserting entity with GID (0000000100000004).
8.2.2022. 23:14:33 : Inserting entity with GID (0000000200000004).
8.2.2022. 23:14:33 : Inserting entity with GID (0000000300000004).
8.2.2022. 23:14:33 : Inserting entity with GID (0000000400000004).
8.2.2022. 23:14:33 : Inserting entity with GID (0000000500000002).
8.2.2022. 23:14:33 : Inserting entity with GID (0000000600000002).
8.2.2022. 23:14:33 : Applying delta to network model successfully finished.
8.2.2022. 23:23:36 : Unknown property id = POINT_BIDQUALITY for entity (GID = 0x0000000400000004).
8.2.2022. 23:23:36 : Getting values for resource with ID = 0x0000000400000004 failed. Failed to get values for entity with GID = 0x0000000400000004. Unknown property id = POINT_BIDQUALITY for entity (GID = 0x0000000400000004).
8.2.2022. 23:30:02 : Starting Network Model Serivice...
8.2.2022. 23:30:03 : Inserting entity with GID (0000000100000004).
8.2.2022. 23:30:03 : Inserting entity with GID (0000000200000004).
8.2.2022. 23:30:03 : Inserting entity with GID (0000000300000004).
8.2.2022. 23:30:03 : Inserting entity with GID (0000000400000004).
8.2.2022. 23:30:03 : Inserting entity with GID (0000000500000002).
8.2.2022. 23:30:03 : Inserting entity with GID (0000000600000002).
8.2.2022. 23:30:03 : The WCF service GenericDataAccess is ready.
8.2.2022. 23:30:03 : Endpoints:
8.2.2022. 23:30:03 : net.tcp://localhost:10000/NetworkModelService/GDA/
8.2.2022. 23:30:03 : Connection string: ../NetworkModelData.data
8.2.2022. 23:30:03 : Trace level: Info
8.2.2022. 23:30:03 : The Network Model Service is started.
8.2.2022. 23:30:03 : Press <Enter> to stop the service.
8.2.2022. 23:30:10 : Applying  delta to network model.
8.2.2022. 23:30:10 : Inserting entity with GID (0000000100000002).
8.2.2022. 23:30:10 : Inserting entity with GID (0000000200000002).
8.2.2022. 23:30:10 : Inserting entity with GID (0000000300000002).
8.2.2022. 23:30:10 : Inserting entity with GID (0000000400000002).
8.2.2022. 23:30:10 : Inserting entity with GID (0000000500000002).
8.2.2022. 23:30:10 : Failed to insert entity because entity with specified GID (0000000500000002) already exists in network model.
8.2.2022. 23:30:10 : Applying delta to network model failed. Failed to insert entity because entity with specified GID (0000000500000002) already exists in network model..
8.2.2022. 23:30:16 : Unknown property id = POINT_BIDQUALITY for entity (GID = 0x0000000400000002).
8.2.2022. 23:30:16 : Getting values for resource with ID = 0x0000000400000002 failed. Failed to get values for entity with GID = 0x0000000400000002. Unknown property id = POINT_BIDQUALITY for entity (GID = 0x0000000400000002).
8.2.2022. 23:32:04 : Starting Network Model Serivice...
8.2.2022. 23:32:04 : Inserting entity with GID (0000000100000004).
8.2.2022. 23:32:04 : Inserting entity with GID (0000000200000004).
8.2.2022. 23:32:04 : Inserting entity with GID (0000000300000004).
8.2.2022. 23:32:04 : Inserting entity with GID (0000000400000004).
8.2.2022. 23:32:04 : Inserting entity with GID (0000000500000002).
8.2.2022. 23:32:04 : Inserting entity with GID (0000000600000002).
8.2.2022. 23:32:04 : Inserting entity with GID (0000000100000002).
8.2.2022. 23:32:04 : Inserting entity with GID (0000000200000002).
8.2.2022. 23:32:04 : Inserting entity with GID (0000000300000002).
8.2.2022. 23:32:04 : Inserting entity with GID (0000000400000002).
8.2.2022. 23:32:04 : Inserting entity with GID (0000000500000002).
8.2.2022. 23:32:04 : Failed to insert entity because entity with specified GID (0000000500000002) already exists in network model.
8.2.2022. 23:32:04 : Error while applying delta (id = 2) during service initialization. Failed to insert entity because entity with specified GID (0000000500000002) already exists in network model.
8.2.2022. 23:32:04 : The WCF service GenericDataAccess is ready.
8.2.2022. 23:32:04 : Endpoints:
8.2.2022. 23:32:04 : net.tcp://localhost:10000/NetworkModelService/GDA/
8.2.2022. 23:32:04 : Connection string: ../NetworkModelData.data
8.2.2022. 23:32:04 : Trace level: Info
8.2.2022. 23:32:04 : The Network Model Service is started.
8.2.2022. 23:32:04 : Press <Enter> to stop the service.
8.2.2022. 23:32:16 : Applying  delta to network model.
8.2.2022. 23:32:16 : Inserting entity with GID (0000000100000003).
8.2.2022. 23:32:16 : Inserting entity with GID (0000000200000003).
8.2.2022. 23:32:16 : Inserting entity with GID (0000000300000003).
8.2.2022. 23:32:16 : Inserting entity with GID (0000000400000003).
8.2.2022. 23:32:16 : Inserting entity with GID (0000000500000002).
8.2.2022. 23:32:16 : Failed to insert entity because entity with specified GID (0000000500000002) already exists in network model.
8.2.2022. 23:32:16 : Applying delta to network model failed. Failed to insert entity because entity with specified GID (0000000500000002) already exists in network model..
8.2.2022. 23:32:20 : Unknown property id = POINT_BIDQUALITY for entity (GID = 0x0000000400000003).
8.2.2022. 23:32:20 : Getting values for resource with ID = 0x0000000400000003 failed. Failed to get values for entity with GID = 0x0000000400000003. Unknown property id = POINT_BIDQUALITY for entity (GID = 0x0000000400000003).
8.2.2022. 23:35:10 : Starting Network Model Serivice...
8.2.2022. 23:35:10 : The WCF service GenericDataAccess is ready.
8.2.2022. 23:35:10 : Endpoints:
8.2.2022. 23:35:10 : net.tcp://localhost:10000/NetworkModelService/GDA/
8.2.2022. 23:35:10 : Connection string: ../NetworkModelData.data
8.2.2022. 23:35:10 : Trace level: Info
8.2.2022. 23:35:10 : The Network Model Service is started.
8.2.2022. 23:35:10 : Press <Enter> to stop the service.
8.2.2022. 23:35:17 : Applying  delta to network model.
8.2.2022. 23:35:17 : Inserting entity with GID (0000000100000001).
8.2.2022. 23:35:17 : Inserting entity with GID (0000000200000001).
8.2.2022. 23:35:17 : Inserting entity with GID (0000000300000001).
8.2.2022. 23:35:17 : Inserting entity with GID (0000000400000001).
8.2.2022. 23:35:17 : Inserting entity with GID (0000000500000001).
8.2.2022. 23:35:17 : Inserting entity with GID (0000000600000001).
8.2.2022. 23:35:17 : Applying delta to network model successfully finished.
8.2.2022. 23:35:22 : Unknown property id = POINT_BIDQUALITY for entity (GID = 0x0000000400000001).
8.2.2022. 23:35:22 : Getting values for resource with ID = 0x0000000400000001 failed. Failed to get values for entity with GID = 0x0000000400000001. Unknown property id = POINT_BIDQUALITY for entity (GID = 0x0000000400000001).
8.2.2022. 23:36:26 : Starting Network Model Serivice...
8.2.2022. 23:36:26 : Inserting entity with GID (0000000100000001).
8.2.2022. 23:36:26 : Inserting entity with GID (0000000200000001).
8.2.2022. 23:36:26 : Inserting entity with GID (0000000300000001).
8.2.2022. 23:36:26 : Inserting entity with GID (0000000400000001).
8.2.2022. 23:36:26 : Unknown property id = 1441151880758821379 for entity (GID = 0x0000000400000001).
8.2.2022. 23:36:26 : Failed to insert entity (GID = 0x0000000400000001) into model. Unknown property id = 1441151880758821379 for entity (GID = 0x0000000400000001).
8.2.2022. 23:36:26 : Error while applying delta (id = 1) during service initialization. Failed to insert entity (GID = 0x0000000400000001) into model. Unknown property id = 1441151880758821379 for entity (GID = 0x0000000400000001).
8.2.2022. 23:36:26 : The WCF service GenericDataAccess is ready.
8.2.2022. 23:36:26 : Endpoints:
8.2.2022. 23:36:26 : net.tcp://localhost:10000/NetworkModelService/GDA/
8.2.2022. 23:36:26 : Connection string: ../NetworkModelData.data
8.2.2022. 23:36:26 : Trace level: Info
8.2.2022. 23:36:26 : The Network Model Service is started.
8.2.2022. 23:36:26 : Press <Enter> to stop the service.
8.2.2022. 23:37:11 : Getting values for resource with ID = 0x0000000500000001 failed. Failed to get values for entity with GID = 0x0000000500000001. Entity  (GID = 0x0000000500000001) does not exist.
8.2.2022. 23:37:22 : Starting Network Model Serivice...
8.2.2022. 23:37:22 : Inserting entity with GID (0000000100000001).
8.2.2022. 23:37:22 : Inserting entity with GID (0000000200000001).
8.2.2022. 23:37:22 : Inserting entity with GID (0000000300000001).
8.2.2022. 23:37:22 : Inserting entity with GID (0000000400000001).
8.2.2022. 23:37:22 : Unknown property id = 1441151880758821379 for entity (GID = 0x0000000400000001).
8.2.2022. 23:37:22 : Failed to insert entity (GID = 0x0000000400000001) into model. Unknown property id = 1441151880758821379 for entity (GID = 0x0000000400000001).
8.2.2022. 23:37:22 : Error while applying delta (id = 1) during service initialization. Failed to insert entity (GID = 0x0000000400000001) into model. Unknown property id = 1441151880758821379 for entity (GID = 0x0000000400000001).
8.2.2022. 23:37:23 : The WCF service GenericDataAccess is ready.
8.2.2022. 23:37:23 : Endpoints:
8.2.2022. 23:37:23 : net.tcp://localhost:10000/NetworkModelService/GDA/
8.2.2022. 23:37:23 : Connection string: ../NetworkModelData.data
8.2.2022. 23:37:23 : Trace level: Info
8.2.2022. 23:37:23 : The Network Model Service is started.
8.2.2022. 23:37:23 : Press <Enter> to stop the service.
8.2.2022. 23:37:30 : Applying  delta to network model.
8.2.2022. 23:37:30 : Inserting entity with GID (0000000100000002).
8.2.2022. 23:37:30 : Inserting entity with GID (0000000200000002).
8.2.2022. 23:37:30 : Inserting entity with GID (0000000300000002).
8.2.2022. 23:37:30 : Inserting entity with GID (0000000400000002).
8.2.2022. 23:37:30 : Inserting entity with GID (0000000500000001).
8.2.2022. 23:37:30 : Inserting entity with GID (0000000600000001).
8.2.2022. 23:37:30 : Applying delta to network model successfully finished.
9.2.2022. 00:01:22 : Starting Network Model Serivice...
9.2.2022. 00:01:22 : Inserting entity with GID (0000000100000001).
9.2.2022. 00:01:22 : Inserting entity with GID (0000000200000001).
9.2.2022. 00:01:22 : Inserting entity with GID (0000000300000001).
9.2.2022. 00:01:22 : Inserting entity with GID (0000000400000001).
9.2.2022. 00:01:22 : Unknown property id = 1441151880758821379 for entity (GID = 0x0000000400000001).
9.2.2022. 00:01:22 : Failed to insert entity (GID = 0x0000000400000001) into model. Unknown property id = 1441151880758821379 for entity (GID = 0x0000000400000001).
9.2.2022. 00:01:22 : Error while applying delta (id = 1) during service initialization. Failed to insert entity (GID = 0x0000000400000001) into model. Unknown property id = 1441151880758821379 for entity (GID = 0x0000000400000001).
9.2.2022. 00:01:22 : Inserting entity with GID (0000000100000002).
9.2.2022. 00:01:22 : Inserting entity with GID (0000000200000002).
9.2.2022. 00:01:22 : Inserting entity with GID (0000000300000002).
9.2.2022. 00:01:22 : Inserting entity with GID (0000000400000002).
9.2.2022. 00:01:22 : Inserting entity with GID (0000000500000001).
9.2.2022. 00:01:22 : Inserting entity with GID (0000000600000001).
9.2.2022. 00:01:22 : The WCF service GenericDataAccess is ready.
9.2.2022. 00:01:22 : Endpoints:
9.2.2022. 00:01:22 : net.tcp://localhost:10000/NetworkModelService/GDA/
9.2.2022. 00:01:22 : Connection string: ../NetworkModelData.data
9.2.2022. 00:01:22 : Trace level: Info
9.2.2022. 00:01:22 : The Network Model Service is started.
9.2.2022. 00:01:22 : Press <Enter> to stop the service.
9.2.2022. 00:01:29 : Applying  delta to network model.
9.2.2022. 00:01:29 : Inserting entity with GID (0000000100000003).
9.2.2022. 00:01:29 : Inserting entity with GID (0000000200000003).
9.2.2022. 00:01:29 : Inserting entity with GID (0000000300000003).
9.2.2022. 00:01:29 : Inserting entity with GID (0000000400000003).
9.2.2022. 00:01:29 : Inserting entity with GID (0000000500000002).
9.2.2022. 00:01:29 : Inserting entity with GID (0000000600000002).
9.2.2022. 00:01:29 : Applying delta to network model successfully finished.
9.2.2022. 00:03:01 : Applying  delta to network model.
9.2.2022. 00:03:01 : Inserting entity with GID (0000000100000004).
9.2.2022. 00:03:01 : Inserting entity with GID (0000000200000004).
9.2.2022. 00:03:01 : Inserting entity with GID (0000000300000004).
9.2.2022. 00:03:01 : Inserting entity with GID (0000000400000004).
9.2.2022. 00:03:01 : Inserting entity with GID (0000000500000003).
9.2.2022. 00:03:01 : Inserting entity with GID (0000000600000003).
9.2.2022. 00:03:01 : Applying delta to network model successfully finished.
9.2.2022. 00:07:12 : Starting Network Model Serivice...
9.2.2022. 00:07:13 : The WCF service GenericDataAccess is ready.
9.2.2022. 00:07:13 : Endpoints:
9.2.2022. 00:07:13 : net.tcp://localhost:10000/NetworkModelService/GDA/
9.2.2022. 00:07:13 : Connection string: ../NetworkModelData.data
9.2.2022. 00:07:13 : Trace level: Info
9.2.2022. 00:07:13 : The Network Model Service is started.
9.2.2022. 00:07:13 : Press <Enter> to stop the service.
9.2.2022. 00:07:34 : Applying  delta to network model.
9.2.2022. 00:07:34 : Inserting entity with GID (0000000100000001).
9.2.2022. 00:07:34 : Inserting entity with GID (0000000200000001).
9.2.2022. 00:07:34 : Inserting entity with GID (0000000300000001).
9.2.2022. 00:07:34 : Inserting entity with GID (0000000400000001).
9.2.2022. 00:07:34 : Inserting entity with GID (0000000500000001).
9.2.2022. 00:07:34 : Inserting entity with GID (0000000600000001).
9.2.2022. 00:07:34 : Applying delta to network model successfully finished.
10.2.2022. 20:27:51 : Starting Network Model Serivice...
10.2.2022. 20:27:51 : Inserting entity with GID (0000000100000001).
10.2.2022. 20:27:51 : Inserting entity with GID (0000000200000001).
10.2.2022. 20:27:51 : Inserting entity with GID (0000000300000001).
10.2.2022. 20:27:51 : Inserting entity with GID (0000000400000001).
10.2.2022. 20:27:51 : Inserting entity with GID (0000000500000001).
10.2.2022. 20:27:51 : Inserting entity with GID (0000000600000001).
10.2.2022. 20:27:52 : The WCF service GenericDataAccess is ready.
10.2.2022. 20:27:52 : Endpoints:
10.2.2022. 20:27:52 : net.tcp://localhost:10000/NetworkModelService/GDA/
10.2.2022. 20:27:52 : Connection string: ../NetworkModelData.data
10.2.2022. 20:27:52 : Trace level: Info
10.2.2022. 20:27:52 : The Network Model Service is started.
10.2.2022. 20:27:52 : Press <Enter> to stop the service.
10.2.2022. 20:51:22 : Starting Network Model Serivice...
10.2.2022. 20:51:22 : Inserting entity with GID (0000000100000001).
10.2.2022. 20:51:22 : Inserting entity with GID (0000000200000001).
10.2.2022. 20:51:22 : Inserting entity with GID (0000000300000001).
10.2.2022. 20:51:22 : Inserting entity with GID (0000000400000001).
10.2.2022. 20:51:22 : Inserting entity with GID (0000000500000001).
10.2.2022. 20:51:22 : Inserting entity with GID (0000000600000001).
10.2.2022. 20:51:22 : The WCF service GenericDataAccess is ready.
10.2.2022. 20:51:22 : Endpoints:
10.2.2022. 20:51:22 : net.tcp://localhost:10000/NetworkModelService/GDA/
10.2.2022. 20:51:22 : Connection string: ../NetworkModelData.data
10.2.2022. 20:51:22 : Trace level: Info
10.2.2022. 20:51:22 : The Network Model Service is started.
10.2.2022. 20:51:22 : Press <Enter> to stop the service.
10.2.2022. 21:02:36 : Starting Network Model Serivice...
10.2.2022. 21:02:37 : Inserting entity with GID (0000000100000001).
10.2.2022. 21:02:37 : Inserting entity with GID (0000000200000001).
10.2.2022. 21:02:37 : Inserting entity with GID (0000000300000001).
10.2.2022. 21:02:37 : Inserting entity with GID (0000000400000001).
10.2.2022. 21:02:37 : Inserting entity with GID (0000000500000001).
10.2.2022. 21:02:37 : Inserting entity with GID (0000000600000001).
10.2.2022. 21:02:37 : The WCF service GenericDataAccess is ready.
10.2.2022. 21:02:37 : Endpoints:
10.2.2022. 21:02:37 : net.tcp://localhost:10000/NetworkModelService/GDA/
10.2.2022. 21:02:37 : Connection string: ../NetworkModelData.data
10.2.2022. 21:02:37 : Trace level: Info
10.2.2022. 21:02:37 : The Network Model Service is started.
10.2.2022. 21:02:37 : Press <Enter> to stop the service.
11.2.2022. 16:27:25 : Starting Network Model Serivice...
11.2.2022. 16:27:25 : Inserting entity with GID (0000000100000001).
11.2.2022. 16:27:25 : Inserting entity with GID (0000000200000001).
11.2.2022. 16:27:25 : Inserting entity with GID (0000000300000001).
11.2.2022. 16:27:25 : Inserting entity with GID (0000000400000001).
11.2.2022. 16:27:25 : Inserting entity with GID (0000000500000001).
11.2.2022. 16:27:25 : Inserting entity with GID (0000000600000001).
11.2.2022. 16:27:25 : The WCF service GenericDataAccess is ready.
11.2.2022. 16:27:25 : Endpoints:
11.2.2022. 16:27:25 : net.tcp://localhost:10000/NetworkModelService/GDA/
11.2.2022. 16:27:25 : Connection string: ../NetworkModelData.data
11.2.2022. 16:27:25 : Trace level: Info
11.2.2022. 16:27:25 : The Network Model Service is started.
11.2.2022. 16:27:25 : Press <Enter> to stop the service.
